Removed Pin From Net: NetName=NetC3_2 Pin=R1-1
Removed Pin From Net: NetName=NetP1_2 Pin=R1-2
Removed Pin From Net: NetName=NetC1_2 Pin=R3-1
Removed Pin From Net: NetName=NetC2_1 Pin=R3-2
Change Component Footprint: Designator=R1 Old Footprint=RESC1608X55X30ML15T15 New Footprint=VR5
Change Component Footprint: Designator=R3 Old Footprint=RESC1609X55X30LL15T15 New Footprint=VR5
Change Component Comment : Designator=R3 Old Comment=10K New Comment=RPot
Change Component Comment : Designator=R1 Old Comment=470R New Comment=RPot
Change Managed Component Library Link : Designator=R1 Old VaultGUID=B7D15EC3-160A-466F-A46C-7801FE6295A7 New VaultGUID= Old ItemGUID=0AFF93A1-2D46-4476-937A-77133F4455C7 New ItemGUID= Old RevisionGUID=9C6DA6A0-6412-419B-B6C1-8AD1CFE970BB New RevisionGUID=
Change Managed Component Library Link : Designator=R3 Old VaultGUID=B7D15EC3-160A-466F-A46C-7801FE6295A7 New VaultGUID= Old ItemGUID=D6FF6A2E-237B-4D32-86D1-1B9665B5CB39 New ItemGUID= Old RevisionGUID=20C4B742-B9BD-484B-8674-15E5F2C7C3A3 New RevisionGUID=
Change component parameters: Designator = "R1" ("R1"); Footprint = "RESC1608X55X30ML15T15"; UniqueID = "\SEIIGNYQ" ("\SEIIGNYQ")
Change component parameters (AddParameter): Name = "LatestRevisionDate"; Value = "17-Jul-2002"; VariantName = "[No Variations]"
Change component parameters (AddParameter): Name = "LatestRevisionNote"; Value = "Re-released for DXP Platform."; VariantName = "[No Variations]"
Change component parameters (AddParameter): Name = "PackageDescription"; Value = "Variable Resistor, Thru-Hole; 3 Leads"; VariantName = "[No Variations]"
Change component parameters (AddParameter): Name = "PackageReference"; Value = "VR5"; VariantName = "[No Variations]"
Change component parameters (AddParameter): Name = "Published"; Value = "8-Jun-2000"; VariantName = "[No Variations]"
Change component parameters (AddParameter): Name = "Publisher"; Value = "Altium Limited"; VariantName = "[No Variations]"
Change component parameters (AddParameter): Name = "Set Position"; Value = "0.5"; VariantName = "[No Variations]"
Change component parameters (AddParameter): Name = "Sim Note"; Value = "Enter the Resistance value and the set point into parameter fields."; VariantName = "[No Variations]"
Change component parameters (AddParameter): Name = "Value"; Value = "1K"; VariantName = "[No Variations]"
Change component parameters: Designator = "R3" ("R3"); Footprint = "RESC1609X55X30LL15T15"; UniqueID = "\FJRBEAQC" ("\FJRBEAQC")
Change component parameters (AddParameter): Name = "LatestRevisionDate"; Value = "17-Jul-2002"; VariantName = "[No Variations]"
Change component parameters (AddParameter): Name = "LatestRevisionNote"; Value = "Re-released for DXP Platform."; VariantName = "[No Variations]"
Change component parameters (AddParameter): Name = "PackageDescription"; Value = "Variable Resistor, Thru-Hole; 3 Leads"; VariantName = "[No Variations]"
Change component parameters (AddParameter): Name = "PackageReference"; Value = "VR5"; VariantName = "[No Variations]"
Change component parameters (AddParameter): Name = "Published"; Value = "8-Jun-2000"; VariantName = "[No Variations]"
Change component parameters (AddParameter): Name = "Publisher"; Value = "Altium Limited"; VariantName = "[No Variations]"
Change component parameters (AddParameter): Name = "Set Position"; Value = "0.5"; VariantName = "[No Variations]"
Change component parameters (AddParameter): Name = "Sim Note"; Value = "Enter the Resistance value and the set point into parameter fields."; VariantName = "[No Variations]"
Change component parameters (AddParameter): Name = "Value"; Value = "1K"; VariantName = "[No Variations]"
Added Component: Designator=D1(3.2X1.6X1.1)
Add component (AddParameter): Name = "LatestRevisionDate"; Value = "17-Jul-2002"; VariantName = "[No Variations]"
Add component (AddParameter): Name = "LatestRevisionNote"; Value = "Re-released for DXP Platform."; VariantName = "[No Variations]"
Add component (AddParameter): Name = "PackageDescription"; Value = "SM LED; 2 Flat Leads"; VariantName = "[No Variations]"
Add component (AddParameter): Name = "PackageReference"; Value = "3.2X1.6X1.1"; VariantName = "[No Variations]"
Add component (AddParameter): Name = "PackageVersion"; Value = "Feb-2002"; VariantName = "[No Variations]"
Add component (AddParameter): Name = "Published"; Value = "8-Jun-2000"; VariantName = "[No Variations]"
Add component (AddParameter): Name = "Publisher"; Value = "Altium Limited"; VariantName = "[No Variations]"
Added Pin To Net: NetName=NetR2_2 Pin=D1-1
Added Pin To Net: NetName=GND Pin=D1-2
Added Pin To Net: NetName=NetP1_2 Pin=R1-1
Added Pin To Net: NetName=NetC3_2 Pin=R1-3
Added Pin To Net: NetName=NetC2_1 Pin=R3-1
Added Pin To Net: NetName=NetC1_2 Pin=R3-3
Change Net Name : Old Net Name=NetR2_2 New Net Name=NetD1_1
Added Member To Class: ClassName=HT-TRS-Interface-Schematic Member=Component D1 LED2
